[5.278s] Invoking command in '/home/orangepi/ros2_ws/src/fc_imu_pkg': PYTHONPATH=/home/orangepi/ros2_ws/build/fc_imu_pkg/prefix_override:/usr/lib/python3/dist-packages/colcon_core/task/python/colcon_distutils_commands:/home/orangepi/ros2_ws/install/fc_imu_pkg/lib/python3.12/site-packages:${PYTHONPATH} /usr/bin/python3 -W ignore:setup.py install is deprecated -W ignore:easy_install command is deprecated setup.py egg_info --egg-base ../../build/fc_imu_pkg build --build-base /home/orangepi/ros2_ws/build/fc_imu_pkg/build install --record /home/orangepi/ros2_ws/build/fc_imu_pkg/install.log --single-version-externally-managed install_data
[6.943s] running egg_info
[6.944s] creating ../../build/fc_imu_pkg/fc_imu_pkg.egg-info
[7.058s] writing ../../build/fc_imu_pkg/fc_imu_pkg.egg-info/PKG-INFO
[7.059s] writing dependency_links to ../../build/fc_imu_pkg/fc_imu_pkg.egg-info/dependency_links.txt
[7.060s] writing entry points to ../../build/fc_imu_pkg/fc_imu_pkg.egg-info/entry_points.txt
[7.061s] writing requirements to ../../build/fc_imu_pkg/fc_imu_pkg.egg-info/requires.txt
[7.061s] writing top-level names to ../../build/fc_imu_pkg/fc_imu_pkg.egg-info/top_level.txt
[7.062s] writing manifest file '../../build/fc_imu_pkg/fc_imu_pkg.egg-info/SOURCES.txt'
[7.301s] reading manifest file '../../build/fc_imu_pkg/fc_imu_pkg.egg-info/SOURCES.txt'
[7.304s] writing manifest file '../../build/fc_imu_pkg/fc_imu_pkg.egg-info/SOURCES.txt'
[7.305s] running build
[7.306s] running build_py
[7.307s] creating /home/orangepi/ros2_ws/build/fc_imu_pkg/build
[7.307s] creating /home/orangepi/ros2_ws/build/fc_imu_pkg/build/lib
[7.308s] creating /home/orangepi/ros2_ws/build/fc_imu_pkg/build/lib/fc_imu_pkg
[7.308s] copying fc_imu_pkg/__init__.py -> /home/orangepi/ros2_ws/build/fc_imu_pkg/build/lib/fc_imu_pkg
[7.309s] copying fc_imu_pkg/fc_imu_node.py -> /home/orangepi/ros2_ws/build/fc_imu_pkg/build/lib/fc_imu_pkg
[7.309s] running install
[7.358s] running install_lib
[7.485s] creating /home/orangepi/ros2_ws/install/fc_imu_pkg/lib/python3.12/site-packages/fc_imu_pkg
[7.486s] copying /home/orangepi/ros2_ws/build/fc_imu_pkg/build/lib/fc_imu_pkg/__init__.py -> /home/orangepi/ros2_ws/install/fc_imu_pkg/lib/python3.12/site-packages/fc_imu_pkg
[7.486s] copying /home/orangepi/ros2_ws/build/fc_imu_pkg/build/lib/fc_imu_pkg/fc_imu_node.py -> /home/orangepi/ros2_ws/install/fc_imu_pkg/lib/python3.12/site-packages/fc_imu_pkg
[7.490s] byte-compiling /home/orangepi/ros2_ws/install/fc_imu_pkg/lib/python3.12/site-packages/fc_imu_pkg/__init__.py to __init__.cpython-312.pyc
[7.491s] byte-compiling /home/orangepi/ros2_ws/install/fc_imu_pkg/lib/python3.12/site-packages/fc_imu_pkg/fc_imu_node.py to fc_imu_node.cpython-312.pyc
[7.501s] running install_data
[7.502s] creating /home/orangepi/ros2_ws/install/fc_imu_pkg/share/ament_index
[7.503s] creating /home/orangepi/ros2_ws/install/fc_imu_pkg/share/ament_index/resource_index
[7.503s] creating /home/orangepi/ros2_ws/install/fc_imu_pkg/share/ament_index/resource_index/packages
[7.504s] copying resource/fc_imu_pkg -> /home/orangepi/ros2_ws/install/fc_imu_pkg/share/ament_index/resource_index/packages
[7.504s] copying package.xml -> /home/orangepi/ros2_ws/install/fc_imu_pkg/share/fc_imu_pkg
[7.505s] running install_egg_info
[7.626s] Copying ../../build/fc_imu_pkg/fc_imu_pkg.egg-info to /home/orangepi/ros2_ws/install/fc_imu_pkg/lib/python3.12/site-packages/fc_imu_pkg-0.0.0-py3.12.egg-info
[7.630s] running install_scripts
[8.412s] Installing fc_imu_node script to /home/orangepi/ros2_ws/install/fc_imu_pkg/lib/fc_imu_pkg
[8.414s] writing list of installed files to '/home/orangepi/ros2_ws/build/fc_imu_pkg/install.log'
[8.728s] Invoked command in '/home/orangepi/ros2_ws/src/fc_imu_pkg' returned '0': PYTHONPATH=/home/orangepi/ros2_ws/build/fc_imu_pkg/prefix_override:/usr/lib/python3/dist-packages/colcon_core/task/python/colcon_distutils_commands:/home/orangepi/ros2_ws/install/fc_imu_pkg/lib/python3.12/site-packages:${PYTHONPATH} /usr/bin/python3 -W ignore:setup.py install is deprecated -W ignore:easy_install command is deprecated setup.py egg_info --egg-base ../../build/fc_imu_pkg build --build-base /home/orangepi/ros2_ws/build/fc_imu_pkg/build install --record /home/orangepi/ros2_ws/build/fc_imu_pkg/install.log --single-version-externally-managed install_data
