running egg_info
writing ../../build/fc_motor_control/fc_motor_control.egg-info/PKG-INFO
writing dependency_links to ../../build/fc_motor_control/fc_motor_control.egg-info/dependency_links.txt
writing entry points to ../../build/fc_motor_control/fc_motor_control.egg-info/entry_points.txt
writing requirements to ../../build/fc_motor_control/fc_motor_control.egg-info/requires.txt
writing top-level names to ../../build/fc_motor_control/fc_motor_control.egg-info/top_level.txt
reading manifest file '../../build/fc_motor_control/fc_motor_control.egg-info/SOURCES.txt'
adding license file 'LICENSE'
writing manifest file '../../build/fc_motor_control/fc_motor_control.egg-info/SOURCES.txt'
running build
running build_py
copying fc_motor_control/fc_motor_control.py -> /home/orangepi/airduino/ros2_ws/build/fc_motor_control/build/lib/fc_motor_control
running install
running install_lib
copying /home/orangepi/airduino/ros2_ws/build/fc_motor_control/build/lib/fc_motor_control/fc_motor_control.py -> /home/orangepi/airduino/ros2_ws/install/fc_motor_control/lib/python3.12/site-packages/fc_motor_control
byte-compiling /home/orangepi/airduino/ros2_ws/install/fc_motor_control/lib/python3.12/site-packages/fc_motor_control/fc_motor_control.py to fc_motor_control.cpython-312.pyc
running install_data
running install_egg_info
removing '/home/orangepi/airduino/ros2_ws/install/fc_motor_control/lib/python3.12/site-packages/fc_motor_control-0.0.0-py3.12.egg-info' (and everything under it)
Copying ../../build/fc_motor_control/fc_motor_control.egg-info to /home/orangepi/airduino/ros2_ws/install/fc_motor_control/lib/python3.12/site-packages/fc_motor_control-0.0.0-py3.12.egg-info
running install_scripts
Installing fc_motor_control script to /home/orangepi/airduino/ros2_ws/install/fc_motor_control/lib/fc_motor_control
writing list of installed files to '/home/orangepi/airduino/ros2_ws/build/fc_motor_control/install.log'
