[5.160s] Invoking command in '/home/orangepi/airduino/ros2_ws/src/fc_motor_control': PYTHONPATH=/home/orangepi/airduino/ros2_ws/build/fc_motor_control/prefix_override:/usr/lib/python3/dist-packages/colcon_core/task/python/colcon_distutils_commands:/home/orangepi/airduino/ros2_ws/install/fc_motor_control/lib/python3.12/site-packages:${PYTHONPATH} /usr/bin/python3 -W ignore:setup.py install is deprecated -W ignore:easy_install command is deprecated setup.py egg_info --egg-base ../../build/fc_motor_control build --build-base /home/orangepi/airduino/ros2_ws/build/fc_motor_control/build install --record /home/orangepi/airduino/ros2_ws/build/fc_motor_control/install.log --single-version-externally-managed install_data
[6.858s] running egg_info
[6.977s] writing ../../build/fc_motor_control/fc_motor_control.egg-info/PKG-INFO
[6.980s] writing dependency_links to ../../build/fc_motor_control/fc_motor_control.egg-info/dependency_links.txt
[6.983s] writing entry points to ../../build/fc_motor_control/fc_motor_control.egg-info/entry_points.txt
[6.984s] writing requirements to ../../build/fc_motor_control/fc_motor_control.egg-info/requires.txt
[6.985s] writing top-level names to ../../build/fc_motor_control/fc_motor_control.egg-info/top_level.txt
[7.255s] reading manifest file '../../build/fc_motor_control/fc_motor_control.egg-info/SOURCES.txt'
[7.256s] adding license file 'LICENSE'
[7.260s] writing manifest file '../../build/fc_motor_control/fc_motor_control.egg-info/SOURCES.txt'
[7.260s] running build
[7.261s] running build_py
[7.262s] copying fc_motor_control/fc_motor_control.py -> /home/orangepi/airduino/ros2_ws/build/fc_motor_control/build/lib/fc_motor_control
[7.264s] running install
[7.319s] running install_lib
[7.444s] copying /home/orangepi/airduino/ros2_ws/build/fc_motor_control/build/lib/fc_motor_control/fc_motor_control.py -> /home/orangepi/airduino/ros2_ws/install/fc_motor_control/lib/python3.12/site-packages/fc_motor_control
[7.447s] byte-compiling /home/orangepi/airduino/ros2_ws/install/fc_motor_control/lib/python3.12/site-packages/fc_motor_control/fc_motor_control.py to fc_motor_control.cpython-312.pyc
[7.458s] running install_data
[7.458s] running install_egg_info
[7.586s] removing '/home/orangepi/airduino/ros2_ws/install/fc_motor_control/lib/python3.12/site-packages/fc_motor_control-0.0.0-py3.12.egg-info' (and everything under it)
[7.588s] Copying ../../build/fc_motor_control/fc_motor_control.egg-info to /home/orangepi/airduino/ros2_ws/install/fc_motor_control/lib/python3.12/site-packages/fc_motor_control-0.0.0-py3.12.egg-info
[7.593s] running install_scripts
[8.378s] Installing fc_motor_control script to /home/orangepi/airduino/ros2_ws/install/fc_motor_control/lib/fc_motor_control
[8.380s] writing list of installed files to '/home/orangepi/airduino/ros2_ws/build/fc_motor_control/install.log'
[8.695s] Invoked command in '/home/orangepi/airduino/ros2_ws/src/fc_motor_control' returned '0': PYTHONPATH=/home/orangepi/airduino/ros2_ws/build/fc_motor_control/prefix_override:/usr/lib/python3/dist-packages/colcon_core/task/python/colcon_distutils_commands:/home/orangepi/airduino/ros2_ws/install/fc_motor_control/lib/python3.12/site-packages:${PYTHONPATH} /usr/bin/python3 -W ignore:setup.py install is deprecated -W ignore:easy_install command is deprecated setup.py egg_info --egg-base ../../build/fc_motor_control build --build-base /home/orangepi/airduino/ros2_ws/build/fc_motor_control/build install --record /home/orangepi/airduino/ros2_ws/build/fc_motor_control/install.log --single-version-externally-managed install_data
