running egg_info
creating ../../build/fc_motor_control/fc_motor_control.egg-info
writing ../../build/fc_motor_control/fc_motor_control.egg-info/PKG-INFO
writing dependency_links to ../../build/fc_motor_control/fc_motor_control.egg-info/dependency_links.txt
writing entry points to ../../build/fc_motor_control/fc_motor_control.egg-info/entry_points.txt
writing requirements to ../../build/fc_motor_control/fc_motor_control.egg-info/requires.txt
writing top-level names to ../../build/fc_motor_control/fc_motor_control.egg-info/top_level.txt
writing manifest file '../../build/fc_motor_control/fc_motor_control.egg-info/SOURCES.txt'
reading manifest file '../../build/fc_motor_control/fc_motor_control.egg-info/SOURCES.txt'
adding license file 'LICENSE'
writing manifest file '../../build/fc_motor_control/fc_motor_control.egg-info/SOURCES.txt'
running build
running build_py
creating /home/orangepi/airduino/ros2_ws/build/fc_motor_control/build
creating /home/orangepi/airduino/ros2_ws/build/fc_motor_control/build/lib
creating /home/orangepi/airduino/ros2_ws/build/fc_motor_control/build/lib/fc_motor_control
copying fc_motor_control/__init__.py -> /home/orangepi/airduino/ros2_ws/build/fc_motor_control/build/lib/fc_motor_control
copying fc_motor_control/fc_motor_control.py -> /home/orangepi/airduino/ros2_ws/build/fc_motor_control/build/lib/fc_motor_control
running install
running install_lib
creating /home/orangepi/airduino/ros2_ws/install/fc_motor_control/lib/python3.12/site-packages/fc_motor_control
copying /home/orangepi/airduino/ros2_ws/build/fc_motor_control/build/lib/fc_motor_control/__init__.py -> /home/orangepi/airduino/ros2_ws/install/fc_motor_control/lib/python3.12/site-packages/fc_motor_control
copying /home/orangepi/airduino/ros2_ws/build/fc_motor_control/build/lib/fc_motor_control/fc_motor_control.py -> /home/orangepi/airduino/ros2_ws/install/fc_motor_control/lib/python3.12/site-packages/fc_motor_control
byte-compiling /home/orangepi/airduino/ros2_ws/install/fc_motor_control/lib/python3.12/site-packages/fc_motor_control/__init__.py to __init__.cpython-312.pyc
byte-compiling /home/orangepi/airduino/ros2_ws/install/fc_motor_control/lib/python3.12/site-packages/fc_motor_control/fc_motor_control.py to fc_motor_control.cpython-312.pyc
running install_data
creating /home/orangepi/airduino/ros2_ws/install/fc_motor_control/share/ament_index
creating /home/orangepi/airduino/ros2_ws/install/fc_motor_control/share/ament_index/resource_index
creating /home/orangepi/airduino/ros2_ws/install/fc_motor_control/share/ament_index/resource_index/packages
copying resource/fc_motor_control -> /home/orangepi/airduino/ros2_ws/install/fc_motor_control/share/ament_index/resource_index/packages
copying package.xml -> /home/orangepi/airduino/ros2_ws/install/fc_motor_control/share/fc_motor_control
running install_egg_info
Copying ../../build/fc_motor_control/fc_motor_control.egg-info to /home/orangepi/airduino/ros2_ws/install/fc_motor_control/lib/python3.12/site-packages/fc_motor_control-0.0.0-py3.12.egg-info
running install_scripts
Installing fc_motor_control script to /home/orangepi/airduino/ros2_ws/install/fc_motor_control/lib/fc_motor_control
writing list of installed files to '/home/orangepi/airduino/ros2_ws/build/fc_motor_control/install.log'
