[0.050s] Invoking command in '/home/orangepi/airduino/microros_ws/build/micro_ros_setup': CMAKE_PREFIX_PATH=${CMAKE_PREFIX_PATH}:/opt/ros/jazzy /usr/bin/cmake /home/orangepi/airduino/microros_ws/src/micro_ros_setup -DCMAKE_INSTALL_PREFIX=/home/orangepi/airduino/microros_ws/install/micro_ros_setup
[0.487s] -- The C compiler identification is GNU 13.3.0
[0.894s] -- The CXX compiler identification is GNU 13.3.0
[0.964s] -- Detecting C compiler ABI info
[1.445s] -- Detecting C compiler ABI info - done
[1.517s] -- Check for working C compiler: /usr/bin/cc - skipped
[1.518s] -- Detecting C compile features
[1.521s] -- Detecting C compile features - done
[1.559s] -- Detecting CXX compiler ABI info
[2.107s] -- Detecting CXX compiler ABI info - done
[2.182s] -- Check for working CXX compiler: /usr/bin/c++ - skipped
[2.183s] -- Detecting CXX compile features
[2.187s] -- Detecting CXX compile features - done
[2.224s] -- Found ament_cmake: 2.5.4 (/opt/ros/jazzy/share/ament_cmake/cmake)
[3.081s] -- Found Python3: /usr/bin/python3 (found version "3.12.3") found components: Interpreter 
[3.847s] -- Found ament_lint_auto: 0.17.2 (/opt/ros/jazzy/share/ament_lint_auto/cmake)
[4.497s] -- Configuring done (4.4s)
[4.510s] -- Generating done (0.0s)
[4.519s] -- Build files have been written to: /home/orangepi/airduino/microros_ws/build/micro_ros_setup
[4.551s] Invoked command in '/home/orangepi/airduino/microros_ws/build/micro_ros_setup' returned '0': CMAKE_PREFIX_PATH=${CMAKE_PREFIX_PATH}:/opt/ros/jazzy /usr/bin/cmake /home/orangepi/airduino/microros_ws/src/micro_ros_setup -DCMAKE_INSTALL_PREFIX=/home/orangepi/airduino/microros_ws/install/micro_ros_setup
[4.559s] Invoking command in '/home/orangepi/airduino/microros_ws/build/micro_ros_setup': CMAKE_PREFIX_PATH=${CMAKE_PREFIX_PATH}:/opt/ros/jazzy /usr/bin/cmake --build /home/orangepi/airduino/microros_ws/build/micro_ros_setup -- -j4 -l4
[4.740s] Invoked command in '/home/orangepi/airduino/microros_ws/build/micro_ros_setup' returned '0': CMAKE_PREFIX_PATH=${CMAKE_PREFIX_PATH}:/opt/ros/jazzy /usr/bin/cmake --build /home/orangepi/airduino/microros_ws/build/micro_ros_setup -- -j4 -l4
[4.787s] Invoking command in '/home/orangepi/airduino/microros_ws/build/micro_ros_setup': CMAKE_PREFIX_PATH=${CMAKE_PREFIX_PATH}:/opt/ros/jazzy /usr/bin/cmake --install /home/orangepi/airduino/microros_ws/build/micro_ros_setup
[4.829s] -- Install configuration: ""
[4.829s] -- Installing: /home/orangepi/airduino/microros_ws/install/micro_ros_setup/share/ament_index/resource_index/package_run_dependencies/micro_ros_setup
[4.831s] -- Installing: /home/orangepi/airduino/microros_ws/install/micro_ros_setup/share/ament_index/resource_index/parent_prefix_path/micro_ros_setup
[4.832s] -- Installing: /home/orangepi/airduino/microros_ws/install/micro_ros_setup/share/micro_ros_setup/environment/ament_prefix_path.sh
[4.833s] -- Installing: /home/orangepi/airduino/microros_ws/install/micro_ros_setup/share/micro_ros_setup/environment/ament_prefix_path.dsv
[4.834s] -- Installing: /home/orangepi/airduino/microros_ws/install/micro_ros_setup/share/micro_ros_setup/environment/path.sh
[4.834s] -- Installing: /home/orangepi/airduino/microros_ws/install/micro_ros_setup/share/micro_ros_setup/environment/path.dsv
[4.838s] -- Installing: /home/orangepi/airduino/microros_ws/install/micro_ros_setup/share/micro_ros_setup/local_setup.bash
[4.839s] -- Installing: /home/orangepi/airduino/microros_ws/install/micro_ros_setup/share/micro_ros_setup/local_setup.sh
[4.840s] -- Installing: /home/orangepi/airduino/microros_ws/install/micro_ros_setup/share/micro_ros_setup/local_setup.zsh
[4.841s] -- Installing: /home/orangepi/airduino/microros_ws/install/micro_ros_setup/share/micro_ros_setup/local_setup.dsv
[4.842s] -- Installing: /home/orangepi/airduino/microros_ws/install/micro_ros_setup/share/micro_ros_setup/package.dsv
[4.843s] -- Installing: /home/orangepi/airduino/microros_ws/install/micro_ros_setup/share/ament_index/resource_index/packages/micro_ros_setup
[4.844s] -- Installing: /home/orangepi/airduino/microros_ws/install/micro_ros_setup/share/micro_ros_setup/cmake/micro_ros_setupConfig.cmake
[4.846s] -- Installing: /home/orangepi/airduino/microros_ws/install/micro_ros_setup/share/micro_ros_setup/cmake/micro_ros_setupConfig-version.cmake
[4.847s] -- Installing: /home/orangepi/airduino/microros_ws/install/micro_ros_setup/share/micro_ros_setup/package.xml
[4.847s] -- Installing: /home/orangepi/airduino/microros_ws/install/micro_ros_setup/./config
[4.848s] -- Installing: /home/orangepi/airduino/microros_ws/install/micro_ros_setup/./config/freertos
[4.849s] -- Installing: /home/orangepi/airduino/microros_ws/install/micro_ros_setup/./config/freertos/list_apps.sh
[4.850s] -- Installing: /home/orangepi/airduino/microros_ws/install/micro_ros_setup/./config/freertos/nucleo_f446re
[4.851s] -- Installing: /home/orangepi/airduino/microros_ws/install/micro_ros_setup/./config/freertos/nucleo_f446re/build.sh
[4.851s] -- Installing: /home/orangepi/airduino/microros_ws/install/micro_ros_setup/./config/freertos/nucleo_f446re/board.repos
[4.852s] -- Installing: /home/orangepi/airduino/microros_ws/install/micro_ros_setup/./config/freertos/nucleo_f446re/package.xml
[4.853s] -- Installing: /home/orangepi/airduino/microros_ws/install/micro_ros_setup/./config/freertos/nucleo_f446re/create.sh
[4.854s] -- Installing: /home/orangepi/airduino/microros_ws/install/micro_ros_setup/./config/freertos/nucleo_f446re/client_uros_packages.repos
[4.855s] -- Installing: /home/orangepi/airduino/microros_ws/install/micro_ros_setup/./config/freertos/nucleo_f446re/configure.sh
[4.855s] -- Installing: /home/orangepi/airduino/microros_ws/install/micro_ros_setup/./config/freertos/nucleo_f446re/client-colcon.meta
[4.856s] -- Installing: /home/orangepi/airduino/microros_ws/install/micro_ros_setup/./config/freertos/nucleo_f446re/flash.sh
[4.857s] -- Installing: /home/orangepi/airduino/microros_ws/install/micro_ros_setup/./config/freertos/dev_ros2_packages.txt
[4.858s] -- Installing: /home/orangepi/airduino/microros_ws/install/micro_ros_setup/./config/freertos/esp32
[4.859s] -- Installing: /home/orangepi/airduino/microros_ws/install/micro_ros_setup/./config/freertos/esp32/build.sh
[4.859s] -- Installing: /home/orangepi/airduino/microros_ws/install/micro_ros_setup/./config/freertos/esp32/board.repos
[4.861s] -- Installing: /home/orangepi/airduino/microros_ws/install/micro_ros_setup/./config/freertos/esp32/README.md
[4.862s] -- Installing: /home/orangepi/airduino/microros_ws/install/micro_ros_setup/./config/freertos/esp32/package.xml
[4.863s] -- Installing: /home/orangepi/airduino/microros_ws/install/micro_ros_setup/./config/freertos/esp32/create.sh
[4.864s] -- Installing: /home/orangepi/airduino/microros_ws/install/micro_ros_setup/./config/freertos/esp32/client_uros_packages.repos
[4.864s] -- Installing: /home/orangepi/airduino/microros_ws/install/micro_ros_setup/./config/freertos/esp32/configure.sh
[4.865s] -- Installing: /home/orangepi/airduino/microros_ws/install/micro_ros_setup/./config/freertos/esp32/client-colcon.meta
[4.865s] -- Installing: /home/orangepi/airduino/microros_ws/install/micro_ros_setup/./config/freertos/esp32/flash.sh
[4.866s] -- Installing: /home/orangepi/airduino/microros_ws/install/micro_ros_setup/./config/freertos/olimex-stm32-e407
[4.867s] -- Installing: /home/orangepi/airduino/microros_ws/install/micro_ros_setup/./config/freertos/olimex-stm32-e407/build.sh
[4.867s] -- Installing: /home/orangepi/airduino/microros_ws/install/micro_ros_setup/./config/freertos/olimex-stm32-e407/board.repos
[4.868s] -- Installing: /home/orangepi/airduino/microros_ws/install/micro_ros_setup/./config/freertos/olimex-stm32-e407/package.xml
[4.868s] -- Installing: /home/orangepi/airduino/microros_ws/install/micro_ros_setup/./config/freertos/olimex-stm32-e407/create.sh
[4.869s] -- Installing: /home/orangepi/airduino/microros_ws/install/micro_ros_setup/./config/freertos/olimex-stm32-e407/client_uros_packages.repos
[4.870s] -- Installing: /home/orangepi/airduino/microros_ws/install/micro_ros_setup/./config/freertos/olimex-stm32-e407/configure.sh
[4.870s] -- Installing: /home/orangepi/airduino/microros_ws/install/micro_ros_setup/./config/freertos/olimex-stm32-e407/client-colcon.meta
[4.871s] -- Installing: /home/orangepi/airduino/microros_ws/install/micro_ros_setup/./config/freertos/olimex-stm32-e407/flash.sh
[4.872s] -- Installing: /home/orangepi/airduino/microros_ws/install/micro_ros_setup/./config/freertos/nucleo_f446ze
[4.872s] -- Installing: /home/orangepi/airduino/microros_ws/install/micro_ros_setup/./config/freertos/nucleo_f446ze/build.sh
[4.873s] -- Installing: /home/orangepi/airduino/microros_ws/install/micro_ros_setup/./config/freertos/nucleo_f446ze/board.repos
[4.874s] -- Installing: /home/orangepi/airduino/microros_ws/install/micro_ros_setup/./config/freertos/nucleo_f446ze/package.xml
[4.875s] -- Installing: /home/orangepi/airduino/microros_ws/install/micro_ros_setup/./config/freertos/nucleo_f446ze/create.sh
[4.876s] -- Installing: /home/orangepi/airduino/microros_ws/install/micro_ros_setup/./config/freertos/nucleo_f446ze/client_uros_packages.repos
[4.876s] -- Installing: /home/orangepi/airduino/microros_ws/install/micro_ros_setup/./config/freertos/nucleo_f446ze/configure.sh
[4.878s] -- Installing: /home/orangepi/airduino/microros_ws/install/micro_ros_setup/./config/freertos/nucleo_f446ze/client-colcon.meta
[4.879s] -- Installing: /home/orangepi/airduino/microros_ws/install/micro_ros_setup/./config/freertos/nucleo_f446ze/flash.sh
[4.880s] -- Installing: /home/orangepi/airduino/microros_ws/install/micro_ros_setup/./config/freertos/crazyflie21
[4.880s] -- Installing: /home/orangepi/airduino/microros_ws/install/micro_ros_setup/./config/freertos/crazyflie21/build.sh
[4.882s] -- Installing: /home/orangepi/airduino/microros_ws/install/micro_ros_setup/./config/freertos/crazyflie21/board.repos
[4.882s] -- Installing: /home/orangepi/airduino/microros_ws/install/micro_ros_setup/./config/freertos/crazyflie21/package.xml
[4.883s] -- Installing: /home/orangepi/airduino/microros_ws/install/micro_ros_setup/./config/freertos/crazyflie21/create.sh
[4.884s] -- Installing: /home/orangepi/airduino/microros_ws/install/micro_ros_setup/./config/freertos/crazyflie21/client_uros_packages.repos
[4.885s] -- Installing: /home/orangepi/airduino/microros_ws/install/micro_ros_setup/./config/freertos/crazyflie21/configure.sh
[4.886s] -- Installing: /home/orangepi/airduino/microros_ws/install/micro_ros_setup/./config/freertos/crazyflie21/client-colcon.meta
[4.887s] -- Installing: /home/orangepi/airduino/microros_ws/install/micro_ros_setup/./config/freertos/crazyflie21/flash.sh
[4.887s] -- Installing: /home/orangepi/airduino/microros_ws/install/micro_ros_setup/./config/freertos/dev_uros_packages.repos
[4.888s] -- Installing: /home/orangepi/airduino/microros_ws/install/micro_ros_setup/./config/freertos/nucleo_f746zg
[4.889s] -- Installing: /home/orangepi/airduino/microros_ws/install/micro_ros_setup/./config/freertos/nucleo_f746zg/build.sh
[4.890s] -- Installing: /home/orangepi/airduino/microros_ws/install/micro_ros_setup/./config/freertos/nucleo_f746zg/board.repos
[4.891s] -- Installing: /home/orangepi/airduino/microros_ws/install/micro_ros_setup/./config/freertos/nucleo_f746zg/package.xml
[4.892s] -- Installing: /home/orangepi/airduino/microros_ws/install/micro_ros_setup/./config/freertos/nucleo_f746zg/create.sh
[4.893s] -- Installing: /home/orangepi/airduino/microros_ws/install/micro_ros_setup/./config/freertos/nucleo_f746zg/client_uros_packages.repos
[4.894s] -- Installing: /home/orangepi/airduino/microros_ws/install/micro_ros_setup/./config/freertos/nucleo_f746zg/configure.sh
[4.894s] -- Installing: /home/orangepi/airduino/microros_ws/install/micro_ros_setup/./config/freertos/nucleo_f746zg/client-colcon.meta
[4.895s] -- Installing: /home/orangepi/airduino/microros_ws/install/micro_ros_setup/./config/freertos/nucleo_f746zg/flash.sh
[4.896s] -- Installing: /home/orangepi/airduino/microros_ws/install/micro_ros_setup/./config/freertos/nucleo_f767zi
[4.896s] -- Installing: /home/orangepi/airduino/microros_ws/install/micro_ros_setup/./config/freertos/nucleo_f767zi/build.sh
[4.897s] -- Installing: /home/orangepi/airduino/microros_ws/install/micro_ros_setup/./config/freertos/nucleo_f767zi/board.repos
[4.897s] -- Installing: /home/orangepi/airduino/microros_ws/install/micro_ros_setup/./config/freertos/nucleo_f767zi/package.xml
[4.898s] -- Installing: /home/orangepi/airduino/microros_ws/install/micro_ros_setup/./config/freertos/nucleo_f767zi/create.sh
[4.899s] -- Installing: /home/orangepi/airduino/microros_ws/install/micro_ros_setup/./config/freertos/nucleo_f767zi/client_uros_packages.repos
[4.899s] -- Installing: /home/orangepi/airduino/microros_ws/install/micro_ros_setup/./config/freertos/nucleo_f767zi/configure.sh
[4.900s] -- Installing: /home/orangepi/airduino/microros_ws/install/micro_ros_setup/./config/freertos/nucleo_f767zi/client-colcon.meta
[4.901s] -- Installing: /home/orangepi/airduino/microros_ws/install/micro_ros_setup/./config/freertos/nucleo_f767zi/flash.sh
[4.901s] -- Installing: /home/orangepi/airduino/microros_ws/install/micro_ros_setup/./config/agent_ros2_packages.txt
[4.902s] -- Installing: /home/orangepi/airduino/microros_ws/install/micro_ros_setup/./config/raspbian
[4.902s] -- Installing: /home/orangepi/airduino/microros_ws/install/micro_ros_setup/./config/raspbian/generic
[4.903s] -- Installing: /home/orangepi/airduino/microros_ws/install/micro_ros_setup/./config/raspbian/generic/build.sh
[4.904s] -- Installing: /home/orangepi/airduino/microros_ws/install/micro_ros_setup/./config/raspbian/generic/supported_platforms
[4.904s] -- Installing: /home/orangepi/airduino/microros_ws/install/micro_ros_setup/./config/raspbian/generic/create.sh
[4.905s] -- Installing: /home/orangepi/airduino/microros_ws/install/micro_ros_setup/./config/raspbian/generic/client_uros_packages.repos
[4.906s] -- Installing: /home/orangepi/airduino/microros_ws/install/micro_ros_setup/./config/raspbian/generic/configure.sh
[4.906s] -- Installing: /home/orangepi/airduino/microros_ws/install/micro_ros_setup/./config/raspbian/generic/client-colcon.meta
[4.907s] -- Installing: /home/orangepi/airduino/microros_ws/install/micro_ros_setup/./config/raspbian/generic/flash.sh
[4.907s] -- Installing: /home/orangepi/airduino/microros_ws/install/micro_ros_setup/./config/raspbian/dev_ros2_packages.txt
[4.908s] -- Installing: /home/orangepi/airduino/microros_ws/install/micro_ros_setup/./config/raspbian/dev_uros_packages.repos
[4.908s] -- Installing: /home/orangepi/airduino/microros_ws/install/micro_ros_setup/./config/android
[4.909s] -- Installing: /home/orangepi/airduino/microros_ws/install/micro_ros_setup/./config/android/generic
[4.909s] -- Installing: /home/orangepi/airduino/microros_ws/install/micro_ros_setup/./config/android/generic/build.sh
[4.910s] -- Installing: /home/orangepi/airduino/microros_ws/install/micro_ros_setup/./config/android/generic/package.xml
[4.910s] -- Installing: /home/orangepi/airduino/microros_ws/install/micro_ros_setup/./config/android/generic/create.sh
[4.911s] -- Installing: /home/orangepi/airduino/microros_ws/install/micro_ros_setup/./config/android/generic/client_uros_packages.repos
[4.911s] -- Installing: /home/orangepi/airduino/microros_ws/install/micro_ros_setup/./config/android/generic/client-colcon.meta
[4.912s] -- Installing: /home/orangepi/airduino/microros_ws/install/micro_ros_setup/./config/android/generic/flash.sh
[4.912s] -- Installing: /home/orangepi/airduino/microros_ws/install/micro_ros_setup/./config/android/dev_ros2_packages.txt
[4.913s] -- Installing: /home/orangepi/airduino/microros_ws/install/micro_ros_setup/./config/android/dev_uros_packages.repos
[4.915s] -- Installing: /home/orangepi/airduino/microros_ws/install/micro_ros_setup/./config/generate_lib
[4.917s] -- Installing: /home/orangepi/airduino/microros_ws/install/micro_ros_setup/./config/generate_lib/generic
[4.917s] -- Installing: /home/orangepi/airduino/microros_ws/install/micro_ros_setup/./config/generate_lib/generic/build.sh
[4.918s] -- Installing: /home/orangepi/airduino/microros_ws/install/micro_ros_setup/./config/generate_lib/generic/package.xml
[4.919s] -- Installing: /home/orangepi/airduino/microros_ws/install/micro_ros_setup/./config/generate_lib/generic/create.sh
[4.920s] -- Installing: /home/orangepi/airduino/microros_ws/install/micro_ros_setup/./config/generate_lib/generic/demo_toolchain.cmake
[4.922s] -- Installing: /home/orangepi/airduino/microros_ws/install/micro_ros_setup/./config/generate_lib/generic/client_uros_packages.repos
[4.923s] -- Installing: /home/orangepi/airduino/microros_ws/install/micro_ros_setup/./config/generate_lib/generic/client-colcon.meta
[4.924s] -- Installing: /home/orangepi/airduino/microros_ws/install/micro_ros_setup/./config/generate_lib/generic/flash.sh
[4.925s] -- Installing: /home/orangepi/airduino/microros_ws/install/micro_ros_setup/./config/generate_lib/dev_ros2_packages.txt
[4.926s] -- Installing: /home/orangepi/airduino/microros_ws/install/micro_ros_setup/./config/generate_lib/dev_uros_packages.repos
[4.926s] -- Installing: /home/orangepi/airduino/microros_ws/install/micro_ros_setup/./config/agent_uros_packages.repos
[4.927s] -- Installing: /home/orangepi/airduino/microros_ws/install/micro_ros_setup/./config/host
[4.927s] -- Installing: /home/orangepi/airduino/microros_ws/install/micro_ros_setup/./config/host/generic
[4.928s] -- Installing: /home/orangepi/airduino/microros_ws/install/micro_ros_setup/./config/host/generic/build.sh
[4.929s] -- Installing: /home/orangepi/airduino/microros_ws/install/micro_ros_setup/./config/host/generic/client-host-colcon.meta
[4.929s] -- Installing: /home/orangepi/airduino/microros_ws/install/micro_ros_setup/./config/host/generic/package.xml
[4.931s] -- Installing: /home/orangepi/airduino/microros_ws/install/micro_ros_setup/./config/host/generic/create.sh
[4.931s] -- Installing: /home/orangepi/airduino/microros_ws/install/micro_ros_setup/./config/host/generic/client_host_packages.repos
[4.932s] -- Installing: /home/orangepi/airduino/microros_ws/install/micro_ros_setup/./config/host/generic/flash.sh
[4.933s] -- Installing: /home/orangepi/airduino/microros_ws/install/micro_ros_setup/./config/host/dev_ros2_packages.txt
[4.935s] -- Installing: /home/orangepi/airduino/microros_ws/install/micro_ros_setup/./config/host/dev_uros_packages.repos
[4.936s] -- Installing: /home/orangepi/airduino/microros_ws/install/micro_ros_setup/./config/host/client_ros2_packages.txt
[4.937s] -- Installing: /home/orangepi/airduino/microros_ws/install/micro_ros_setup/./config/client_uros_packages.repos
[4.937s] -- Installing: /home/orangepi/airduino/microros_ws/install/micro_ros_setup/./config/client_ros2_packages.txt
[4.938s] -- Installing: /home/orangepi/airduino/microros_ws/install/micro_ros_setup/./config/zephyr
[4.939s] -- Installing: /home/orangepi/airduino/microros_ws/install/micro_ros_setup/./config/zephyr/generic
[4.940s] -- Installing: /home/orangepi/airduino/microros_ws/install/micro_ros_setup/./config/zephyr/generic/build.sh
[4.943s] -- Installing: /home/orangepi/airduino/microros_ws/install/micro_ros_setup/./config/zephyr/generic/board.repos
[4.944s] -- Installing: /home/orangepi/airduino/microros_ws/install/micro_ros_setup/./config/zephyr/generic/supported_platforms
[4.945s] -- Installing: /home/orangepi/airduino/microros_ws/install/micro_ros_setup/./config/zephyr/generic/package.xml
[4.946s] -- Installing: /home/orangepi/airduino/microros_ws/install/micro_ros_setup/./config/zephyr/generic/create.sh
[4.947s] -- Installing: /home/orangepi/airduino/microros_ws/install/micro_ros_setup/./config/zephyr/generic/client_uros_packages.repos
[4.947s] -- Installing: /home/orangepi/airduino/microros_ws/install/micro_ros_setup/./config/zephyr/generic/configure.sh
[4.948s] -- Installing: /home/orangepi/airduino/microros_ws/install/micro_ros_setup/./config/zephyr/generic/client-colcon.meta
[4.948s] -- Installing: /home/orangepi/airduino/microros_ws/install/micro_ros_setup/./config/zephyr/generic/flash.sh
[4.949s] -- Installing: /home/orangepi/airduino/microros_ws/install/micro_ros_setup/./config/zephyr/list_apps.sh
[4.950s] -- Installing: /home/orangepi/airduino/microros_ws/install/micro_ros_setup/./config/zephyr/dev_ros2_packages.txt
[4.951s] -- Installing: /home/orangepi/airduino/microros_ws/install/micro_ros_setup/./config/zephyr/dev_uros_packages.repos
[4.952s] -- Installing: /home/orangepi/airduino/microros_ws/install/micro_ros_setup/./config/utils.sh
[4.953s] -- Installing: /home/orangepi/airduino/microros_ws/install/micro_ros_setup/lib/micro_ros_setup/create_ws.sh
[4.953s] -- Installing: /home/orangepi/airduino/microros_ws/install/micro_ros_setup/lib/micro_ros_setup/create_agent_ws.sh
[4.954s] -- Installing: /home/orangepi/airduino/microros_ws/install/micro_ros_setup/lib/micro_ros_setup/create_firmware_ws.sh
[4.954s] -- Installing: /home/orangepi/airduino/microros_ws/install/micro_ros_setup/lib/micro_ros_setup/configure_firmware.sh
[4.955s] -- Installing: /home/orangepi/airduino/microros_ws/install/micro_ros_setup/lib/micro_ros_setup/flash_firmware.sh
[4.957s] -- Installing: /home/orangepi/airduino/microros_ws/install/micro_ros_setup/lib/micro_ros_setup/build_firmware.sh
[4.960s] -- Installing: /home/orangepi/airduino/microros_ws/install/micro_ros_setup/lib/micro_ros_setup/build_agent.sh
[4.960s] -- Installing: /home/orangepi/airduino/microros_ws/install/micro_ros_setup/lib/micro_ros_setup/yaml_filter.py
[4.961s] -- Installing: /home/orangepi/airduino/microros_ws/install/micro_ros_setup/lib/micro_ros_setup/clean_env.sh
[4.963s] -- Installing: /home/orangepi/airduino/microros_ws/install/micro_ros_setup/lib/micro_ros_setup/component
[4.964s] Invoked command in '/home/orangepi/airduino/microros_ws/build/micro_ros_setup' returned '0': CMAKE_PREFIX_PATH=${CMAKE_PREFIX_PATH}:/opt/ros/jazzy /usr/bin/cmake --install /home/orangepi/airduino/microros_ws/build/micro_ros_setup
