[0.628s] DEBUG:colcon:Command line arguments: ['/usr/bin/colcon', 'build']
[0.629s] DEBUG:colcon:Parsed command line arguments: Namespace(log_base=None, log_level=None, verb_name='build', build_base='build', install_base='install', merge_install=False, symlink_install=False, test_result_base=None, continue_on_error=False, executor='parallel', parallel_workers=4, event_handlers=None, ignore_user_meta=False, metas=['./colcon.meta'], base_paths=['.'], packages_ignore=None, packages_ignore_regex=None, paths=None, packages_up_to=None, packages_up_to_regex=None, packages_above=None, packages_above_and_dependencies=None, packages_above_depth=None, packages_select_by_dep=None, packages_skip_by_dep=None, packages_skip_up_to=None, packages_select_build_failed=False, packages_skip_build_finished=False, packages_select_test_failures=False, packages_skip_test_passed=False, packages_select=None, packages_skip=None, packages_select_regex=None, packages_skip_regex=None, packages_start=None, packages_end=None, cmake_args=None, cmake_target=None, cmake_target_skip_unavailable=False, cmake_clean_cache=False, cmake_clean_first=False, cmake_force_configure=False, ament_cmake_args=None, catkin_cmake_args=None, catkin_skip_building_tests=False, mixin_files=None, mixin=None, verb_parser=<colcon_mixin.mixin.mixin_argument.MixinArgumentDecorator object at 0xffffb22c3710>, verb_extension=<colcon_core.verb.build.BuildVerb object at 0xffffb22c3440>, main=<bound method BuildVerb.main of <colcon_core.verb.build.BuildVerb object at 0xffffb22c3440>>, mixin_verb=('build',))
[0.860s] Level 1:colcon.colcon_core.package_discovery:discover_packages(colcon_meta) check parameters
[0.860s] Level 1:colcon.colcon_core.package_discovery:discover_packages(recursive) check parameters
[0.860s] Level 1:colcon.colcon_core.package_discovery:discover_packages(ignore) check parameters
[0.861s] Level 1:colcon.colcon_core.package_discovery:discover_packages(path) check parameters
[0.861s] Level 1:colcon.colcon_core.package_discovery:discover_packages(colcon_meta) discover
[0.861s] Level 1:colcon.colcon_core.package_discovery:discover_packages(recursive) discover
[0.861s] INFO:colcon.colcon_core.package_discovery:Crawling recursively for packages in '/home/orangepi/airduino/microros_ws'
[0.862s] Level 1:colcon.colcon_core.package_identification:_identify(.) by extensions ['ignore', 'ignore_ament_install']
[0.862s] Level 1:colcon.colcon_core.package_identification:_identify(.) by extension 'ignore'
[0.862s] Level 1:colcon.colcon_core.package_identification:_identify(.) by extension 'ignore_ament_install'
[0.863s] Level 1:colcon.colcon_core.package_identification:_identify(.) by extensions ['colcon_pkg']
[0.863s] Level 1:colcon.colcon_core.package_identification:_identify(.) by extension 'colcon_pkg'
[0.863s] Level 1:colcon.colcon_core.package_identification:_identify(.) by extensions ['colcon_meta']
[0.863s] Level 1:colcon.colcon_core.package_identification:_identify(.) by extension 'colcon_meta'
[0.863s] Level 1:colcon.colcon_core.package_identification:_identify(.) by extensions ['ros']
[0.864s] Level 1:colcon.colcon_core.package_identification:_identify(.) by extension 'ros'
[1.033s] Level 1:colcon.colcon_core.package_identification:_identify(.) by extensions ['cmake', 'python']
[1.033s] Level 1:colcon.colcon_core.package_identification:_identify(.) by extension 'cmake'
[1.033s] Level 1:colcon.colcon_core.package_identification:_identify(.) by extension 'python'
[1.033s] Level 1:colcon.colcon_core.package_identification:_identify(.) by extensions ['python_setup_py']
[1.034s] Level 1:colcon.colcon_core.package_identification:_identify(.) by extension 'python_setup_py'
[1.034s] Level 1:colcon.colcon_core.package_identification:_identify(build) by extensions ['ignore', 'ignore_ament_install']
[1.035s] Level 1:colcon.colcon_core.package_identification:_identify(build) by extension 'ignore'
[1.035s] Level 1:colcon.colcon_core.package_identification:_identify(build) ignored
[1.035s] Level 1:colcon.colcon_core.package_identification:_identify(install) by extensions ['ignore', 'ignore_ament_install']
[1.036s] Level 1:colcon.colcon_core.package_identification:_identify(install) by extension 'ignore'
[1.036s] Level 1:colcon.colcon_core.package_identification:_identify(install) ignored
[1.036s] Level 1:colcon.colcon_core.package_identification:_identify(log) by extensions ['ignore', 'ignore_ament_install']
[1.037s] Level 1:colcon.colcon_core.package_identification:_identify(log) by extension 'ignore'
[1.037s] Level 1:colcon.colcon_core.package_identification:_identify(log) ignored
[1.037s] Level 1:colcon.colcon_core.package_identification:_identify(src) by extensions ['ignore', 'ignore_ament_install']
[1.038s] Level 1:colcon.colcon_core.package_identification:_identify(src) by extension 'ignore'
[1.038s] Level 1:colcon.colcon_core.package_identification:_identify(src) by extension 'ignore_ament_install'
[1.038s] Level 1:colcon.colcon_core.package_identification:_identify(src) by extensions ['colcon_pkg']
[1.038s] Level 1:colcon.colcon_core.package_identification:_identify(src) by extension 'colcon_pkg'
[1.039s] Level 1:colcon.colcon_core.package_identification:_identify(src) by extensions ['colcon_meta']
[1.039s] Level 1:colcon.colcon_core.package_identification:_identify(src) by extension 'colcon_meta'
[1.039s] Level 1:colcon.colcon_core.package_identification:_identify(src) by extensions ['ros']
[1.039s] Level 1:colcon.colcon_core.package_identification:_identify(src) by extension 'ros'
[1.040s] Level 1:colcon.colcon_core.package_identification:_identify(src) by extensions ['cmake', 'python']
[1.040s] Level 1:colcon.colcon_core.package_identification:_identify(src) by extension 'cmake'
[1.040s] Level 1:colcon.colcon_core.package_identification:_identify(src) by extension 'python'
[1.040s] Level 1:colcon.colcon_core.package_identification:_identify(src) by extensions ['python_setup_py']
[1.040s] Level 1:colcon.colcon_core.package_identification:_identify(src) by extension 'python_setup_py'
[1.041s] Level 1:colcon.colcon_core.package_identification:_identify(src/micro_ros_setup) by extensions ['ignore', 'ignore_ament_install']
[1.041s] Level 1:colcon.colcon_core.package_identification:_identify(src/micro_ros_setup) by extension 'ignore'
[1.041s] Level 1:colcon.colcon_core.package_identification:_identify(src/micro_ros_setup) by extension 'ignore_ament_install'
[1.042s] Level 1:colcon.colcon_core.package_identification:_identify(src/micro_ros_setup) by extensions ['colcon_pkg']
[1.042s] Level 1:colcon.colcon_core.package_identification:_identify(src/micro_ros_setup) by extension 'colcon_pkg'
[1.042s] Level 1:colcon.colcon_core.package_identification:_identify(src/micro_ros_setup) by extensions ['colcon_meta']
[1.042s] Level 1:colcon.colcon_core.package_identification:_identify(src/micro_ros_setup) by extension 'colcon_meta'
[1.043s] Level 1:colcon.colcon_core.package_identification:_identify(src/micro_ros_setup) by extensions ['ros']
[1.043s] Level 1:colcon.colcon_core.package_identification:_identify(src/micro_ros_setup) by extension 'ros'
[1.057s] DEBUG:colcon.colcon_core.package_identification:Package 'src/micro_ros_setup' with type 'ros.ament_cmake' and name 'micro_ros_setup'
[1.057s] Level 1:colcon.colcon_core.package_discovery:discover_packages(recursive) using defaults
[1.057s] Level 1:colcon.colcon_core.package_discovery:discover_packages(ignore) discover
[1.057s] Level 1:colcon.colcon_core.package_discovery:discover_packages(ignore) using defaults
[1.058s] Level 1:colcon.colcon_core.package_discovery:discover_packages(path) discover
[1.058s] Level 1:colcon.colcon_core.package_discovery:discover_packages(path) using defaults
[1.158s] Level 5:colcon.colcon_core.verb:set package 'micro_ros_setup' build argument 'cmake_args' from command line to 'None'
[1.159s] Level 5:colcon.colcon_core.verb:set package 'micro_ros_setup' build argument 'cmake_target' from command line to 'None'
[1.159s] Level 5:colcon.colcon_core.verb:set package 'micro_ros_setup' build argument 'cmake_target_skip_unavailable' from command line to 'False'
[1.159s] Level 5:colcon.colcon_core.verb:set package 'micro_ros_setup' build argument 'cmake_clean_cache' from command line to 'False'
[1.159s] Level 5:colcon.colcon_core.verb:set package 'micro_ros_setup' build argument 'cmake_clean_first' from command line to 'False'
[1.160s] Level 5:colcon.colcon_core.verb:set package 'micro_ros_setup' build argument 'cmake_force_configure' from command line to 'False'
[1.160s] Level 5:colcon.colcon_core.verb:set package 'micro_ros_setup' build argument 'ament_cmake_args' from command line to 'None'
[1.160s] Level 5:colcon.colcon_core.verb:set package 'micro_ros_setup' build argument 'catkin_cmake_args' from command line to 'None'
[1.160s] Level 5:colcon.colcon_core.verb:set package 'micro_ros_setup' build argument 'catkin_skip_building_tests' from command line to 'False'
[1.160s] DEBUG:colcon.colcon_core.verb:Building package 'micro_ros_setup' with the following arguments: {'ament_cmake_args': None, 'build_base': '/home/orangepi/airduino/microros_ws/build/micro_ros_setup', 'catkin_cmake_args': None, 'catkin_skip_building_tests': False, 'cmake_args': None, 'cmake_clean_cache': False, 'cmake_clean_first': False, 'cmake_force_configure': False, 'cmake_target': None, 'cmake_target_skip_unavailable': False, 'install_base': '/home/orangepi/airduino/microros_ws/install/micro_ros_setup', 'merge_install': False, 'path': '/home/orangepi/airduino/microros_ws/src/micro_ros_setup', 'symlink_install': False, 'test_result_base': None}
[1.161s] INFO:colcon.colcon_core.executor:Executing jobs using 'parallel' executor
[1.165s] DEBUG:colcon.colcon_parallel_executor.executor.parallel:run_until_complete
[1.167s] INFO:colcon.colcon_ros.task.ament_cmake.build:Building ROS package in '/home/orangepi/airduino/microros_ws/src/micro_ros_setup' with build type 'ament_cmake'
[1.167s] INFO:colcon.colcon_cmake.task.cmake.build:Building CMake package in '/home/orangepi/airduino/microros_ws/src/micro_ros_setup'
[1.178s] INFO:colcon.colcon_core.plugin_system:Skipping extension 'colcon_core.shell.bat': Not used on non-Windows systems
[1.179s] INFO:colcon.colcon_core.shell:Skip shell extension 'powershell' for command environment: Not usable outside of PowerShell
[1.179s] DEBUG:colcon.colcon_core.shell:Skip shell extension 'dsv' for command environment
[1.218s] DEBUG:colcon.colcon_core.event_handler.log_command:Invoking command in '/home/orangepi/airduino/microros_ws/build/micro_ros_setup': CMAKE_PREFIX_PATH=${CMAKE_PREFIX_PATH}:/opt/ros/jazzy /usr/bin/cmake /home/orangepi/airduino/microros_ws/src/micro_ros_setup -DCMAKE_INSTALL_PREFIX=/home/orangepi/airduino/microros_ws/install/micro_ros_setup
[5.719s] DEBUG:colcon.colcon_core.event_handler.log_command:Invoked command in '/home/orangepi/airduino/microros_ws/build/micro_ros_setup' returned '0': CMAKE_PREFIX_PATH=${CMAKE_PREFIX_PATH}:/opt/ros/jazzy /usr/bin/cmake /home/orangepi/airduino/microros_ws/src/micro_ros_setup -DCMAKE_INSTALL_PREFIX=/home/orangepi/airduino/microros_ws/install/micro_ros_setup
[5.727s] DEBUG:colcon.colcon_core.event_handler.log_command:Invoking command in '/home/orangepi/airduino/microros_ws/build/micro_ros_setup': CMAKE_PREFIX_PATH=${CMAKE_PREFIX_PATH}:/opt/ros/jazzy /usr/bin/cmake --build /home/orangepi/airduino/microros_ws/build/micro_ros_setup -- -j4 -l4
[5.908s] DEBUG:colcon.colcon_core.event_handler.log_command:Invoked command in '/home/orangepi/airduino/microros_ws/build/micro_ros_setup' returned '0': CMAKE_PREFIX_PATH=${CMAKE_PREFIX_PATH}:/opt/ros/jazzy /usr/bin/cmake --build /home/orangepi/airduino/microros_ws/build/micro_ros_setup -- -j4 -l4
[5.955s] DEBUG:colcon.colcon_core.event_handler.log_command:Invoking command in '/home/orangepi/airduino/microros_ws/build/micro_ros_setup': CMAKE_PREFIX_PATH=${CMAKE_PREFIX_PATH}:/opt/ros/jazzy /usr/bin/cmake --install /home/orangepi/airduino/microros_ws/build/micro_ros_setup
[6.082s] Level 1:colcon.colcon_core.environment:create_environment_scripts_only(micro_ros_setup)
[6.109s] Level 1:colcon.colcon_core.environment:checking '/home/orangepi/airduino/microros_ws/install/micro_ros_setup' for CMake module files
[6.119s] Level 1:colcon.colcon_core.environment:checking '/home/orangepi/airduino/microros_ws/install/micro_ros_setup' for CMake config files
[6.122s] Level 1:colcon.colcon_core.shell:create_environment_hook('micro_ros_setup', 'cmake_prefix_path')
[6.124s] INFO:colcon.colcon_core.shell:Creating environment hook '/home/orangepi/airduino/microros_ws/install/micro_ros_setup/share/micro_ros_setup/hook/cmake_prefix_path.ps1'
[6.129s] INFO:colcon.colcon_core.shell:Creating environment descriptor '/home/orangepi/airduino/microros_ws/install/micro_ros_setup/share/micro_ros_setup/hook/cmake_prefix_path.dsv'
[6.132s] DEBUG:colcon.colcon_core.event_handler.log_command:Invoked command in '/home/orangepi/airduino/microros_ws/build/micro_ros_setup' returned '0': CMAKE_PREFIX_PATH=${CMAKE_PREFIX_PATH}:/opt/ros/jazzy /usr/bin/cmake --install /home/orangepi/airduino/microros_ws/build/micro_ros_setup
[6.133s] INFO:colcon.colcon_core.shell:Creating environment hook '/home/orangepi/airduino/microros_ws/install/micro_ros_setup/share/micro_ros_setup/hook/cmake_prefix_path.sh'
[6.137s] Level 1:colcon.colcon_core.environment:checking '/home/orangepi/airduino/microros_ws/install/micro_ros_setup/lib'
[6.138s] Level 1:colcon.colcon_core.environment:checking '/home/orangepi/airduino/microros_ws/install/micro_ros_setup/bin'
[6.138s] Level 1:colcon.colcon_core.environment:checking '/home/orangepi/airduino/microros_ws/install/micro_ros_setup/lib/pkgconfig/micro_ros_setup.pc'
[6.151s] Level 1:colcon.colcon_core.environment:checking '/home/orangepi/airduino/microros_ws/install/micro_ros_setup/lib/python3.12/site-packages'
[6.153s] Level 1:colcon.colcon_core.environment:checking '/home/orangepi/airduino/microros_ws/install/micro_ros_setup/bin'
[6.154s] INFO:colcon.colcon_core.shell:Creating package script '/home/orangepi/airduino/microros_ws/install/micro_ros_setup/share/micro_ros_setup/package.ps1'
[6.158s] INFO:colcon.colcon_core.shell:Creating package descriptor '/home/orangepi/airduino/microros_ws/install/micro_ros_setup/share/micro_ros_setup/package.dsv'
[6.161s] INFO:colcon.colcon_core.shell:Creating package script '/home/orangepi/airduino/microros_ws/install/micro_ros_setup/share/micro_ros_setup/package.sh'
[6.164s] INFO:colcon.colcon_core.shell:Creating package script '/home/orangepi/airduino/microros_ws/install/micro_ros_setup/share/micro_ros_setup/package.bash'
[6.167s] INFO:colcon.colcon_core.shell:Creating package script '/home/orangepi/airduino/microros_ws/install/micro_ros_setup/share/micro_ros_setup/package.zsh'
[6.170s] Level 1:colcon.colcon_core.environment:create_file_with_runtime_dependencies(/home/orangepi/airduino/microros_ws/install/micro_ros_setup/share/colcon-core/packages/micro_ros_setup)
[6.173s] Level 1:colcon.colcon_core.environment:create_environment_scripts_only(micro_ros_setup)
[6.174s] Level 1:colcon.colcon_core.environment:checking '/home/orangepi/airduino/microros_ws/install/micro_ros_setup' for CMake module files
[6.178s] Level 1:colcon.colcon_core.environment:checking '/home/orangepi/airduino/microros_ws/install/micro_ros_setup' for CMake config files
[6.179s] Level 1:colcon.colcon_core.shell:create_environment_hook('micro_ros_setup', 'cmake_prefix_path')
[6.180s] INFO:colcon.colcon_core.shell:Creating environment hook '/home/orangepi/airduino/microros_ws/install/micro_ros_setup/share/micro_ros_setup/hook/cmake_prefix_path.ps1'
[6.182s] INFO:colcon.colcon_core.shell:Creating environment descriptor '/home/orangepi/airduino/microros_ws/install/micro_ros_setup/share/micro_ros_setup/hook/cmake_prefix_path.dsv'
[6.185s] INFO:colcon.colcon_core.shell:Creating environment hook '/home/orangepi/airduino/microros_ws/install/micro_ros_setup/share/micro_ros_setup/hook/cmake_prefix_path.sh'
[6.187s] Level 1:colcon.colcon_core.environment:checking '/home/orangepi/airduino/microros_ws/install/micro_ros_setup/lib'
[6.188s] Level 1:colcon.colcon_core.environment:checking '/home/orangepi/airduino/microros_ws/install/micro_ros_setup/bin'
[6.188s] Level 1:colcon.colcon_core.environment:checking '/home/orangepi/airduino/microros_ws/install/micro_ros_setup/lib/pkgconfig/micro_ros_setup.pc'
[6.190s] Level 1:colcon.colcon_core.environment:checking '/home/orangepi/airduino/microros_ws/install/micro_ros_setup/lib/python3.12/site-packages'
[6.191s] Level 1:colcon.colcon_core.environment:checking '/home/orangepi/airduino/microros_ws/install/micro_ros_setup/bin'
[6.192s] INFO:colcon.colcon_core.shell:Creating package script '/home/orangepi/airduino/microros_ws/install/micro_ros_setup/share/micro_ros_setup/package.ps1'
[6.195s] INFO:colcon.colcon_core.shell:Creating package descriptor '/home/orangepi/airduino/microros_ws/install/micro_ros_setup/share/micro_ros_setup/package.dsv'
[6.198s] INFO:colcon.colcon_core.shell:Creating package script '/home/orangepi/airduino/microros_ws/install/micro_ros_setup/share/micro_ros_setup/package.sh'
[6.200s] INFO:colcon.colcon_core.shell:Creating package script '/home/orangepi/airduino/microros_ws/install/micro_ros_setup/share/micro_ros_setup/package.bash'
[6.202s] INFO:colcon.colcon_core.shell:Creating package script '/home/orangepi/airduino/microros_ws/install/micro_ros_setup/share/micro_ros_setup/package.zsh'
[6.205s] Level 1:colcon.colcon_core.environment:create_file_with_runtime_dependencies(/home/orangepi/airduino/microros_ws/install/micro_ros_setup/share/colcon-core/packages/micro_ros_setup)
[6.207s] DEBUG:colcon.colcon_parallel_executor.executor.parallel:closing loop
[6.209s] DEBUG:colcon.colcon_parallel_executor.executor.parallel:loop closed
[6.210s] DEBUG:colcon.colcon_parallel_executor.executor.parallel:run_until_complete finished with '0'
[6.211s] DEBUG:colcon.colcon_core.event_reactor:joining thread
[6.253s] INFO:colcon.colcon_core.plugin_system:Skipping extension 'colcon_notification.desktop_notification.terminal_notifier': Not used on non-Darwin systems
[6.254s] INFO:colcon.colcon_core.plugin_system:Skipping extension 'colcon_notification.desktop_notification.win32': Not used on non-Windows systems
[6.254s] INFO:colcon.colcon_notification.desktop_notification:Sending desktop notification using 'notify2'
[6.283s] DEBUG:colcon.colcon_core.event_reactor:joined thread
[6.285s] INFO:colcon.colcon_core.shell:Creating prefix script '/home/orangepi/airduino/microros_ws/install/local_setup.ps1'
[6.290s] INFO:colcon.colcon_core.shell:Creating prefix util module '/home/orangepi/airduino/microros_ws/install/_local_setup_util_ps1.py'
[6.299s] INFO:colcon.colcon_core.shell:Creating prefix chain script '/home/orangepi/airduino/microros_ws/install/setup.ps1'
[6.305s] INFO:colcon.colcon_core.shell:Creating prefix script '/home/orangepi/airduino/microros_ws/install/local_setup.sh'
[6.309s] INFO:colcon.colcon_core.shell:Creating prefix util module '/home/orangepi/airduino/microros_ws/install/_local_setup_util_sh.py'
[6.314s] INFO:colcon.colcon_core.shell:Creating prefix chain script '/home/orangepi/airduino/microros_ws/install/setup.sh'
[6.320s] INFO:colcon.colcon_core.shell:Creating prefix script '/home/orangepi/airduino/microros_ws/install/local_setup.bash'
[6.323s] INFO:colcon.colcon_core.shell:Creating prefix chain script '/home/orangepi/airduino/microros_ws/install/setup.bash'
[6.329s] INFO:colcon.colcon_core.shell:Creating prefix script '/home/orangepi/airduino/microros_ws/install/local_setup.zsh'
[6.332s] INFO:colcon.colcon_core.shell:Creating prefix chain script '/home/orangepi/airduino/microros_ws/install/setup.zsh'
