-- The C compiler identification is GNU 13.3.0
-- The CXX compiler identification is GNU 13.3.0
-- Detecting C compiler ABI info
-- Detecting C compiler ABI info - done
-- Check for working C compiler: /usr/bin/cc - skipped
-- Detecting C compile features
-- Detecting C compile features - done
-- Detecting CXX compiler ABI info
-- Detecting CXX compiler ABI info - done
-- Check for working CXX compiler: /usr/bin/c++ - skipped
-- Detecting CXX compile features
-- Detecting CXX compile features - done
-- Found ament_cmake: 2.5.4 (/opt/ros/jazzy/share/ament_cmake/cmake)
-- Found Python3: /usr/bin/python3 (found version "3.12.3") found components: Interpreter 
-- Found rclpy: 7.1.4 (/opt/ros/jazzy/share/rclpy/cmake)
-- Found sensor_msgs: 5.3.6 (/opt/ros/jazzy/share/sensor_msgs/cmake)
-- Found rosidl_generator_c: 4.6.5 (/opt/ros/jazzy/share/rosidl_generator_c/cmake)
-- Found rosidl_generator_cpp: 4.6.5 (/opt/ros/jazzy/share/rosidl_generator_cpp/cmake)
-- Using all available rosidl_typesupport_c: rosidl_typesupport_fastrtps_c;rosidl_typesupport_introspection_c
-- Using all available rosidl_typesupport_cpp: rosidl_typesupport_fastrtps_cpp;rosidl_typesupport_introspection_cpp
-- Configuring done (6.5s)
-- Generating done (0.0s)
[33mCMake Warning:
  Manually-specified variables were not used by the project:

    CATKIN_INSTALL_INTO_PREFIX_ROOT

[0m
-- Build files have been written to: /home/orangepi/ros2_ws/build/adxl345_node
Built target ament_cmake_python_copy_adxl345_node_setup
Built target ament_cmake_python_copy_adxl345_node
running egg_info
creating adxl345_node.egg-info
writing adxl345_node.egg-info/PKG-INFO
writing dependency_links to adxl345_node.egg-info/dependency_links.txt
writing top-level names to adxl345_node.egg-info/top_level.txt
writing manifest file 'adxl345_node.egg-info/SOURCES.txt'
reading manifest file 'adxl345_node.egg-info/SOURCES.txt'
writing manifest file 'adxl345_node.egg-info/SOURCES.txt'
Built target ament_cmake_python_build_adxl345_node_egg
-- Install configuration: ""
-- Installing: /home/orangepi/ros2_ws/install/adxl345_node/share/adxl345_node/environment/pythonpath.sh
-- Installing: /home/orangepi/ros2_ws/install/adxl345_node/share/adxl345_node/environment/pythonpath.dsv
-- Installing: /home/orangepi/ros2_ws/install/adxl345_node/lib/python3.12/site-packages/adxl345_node-0.1.0-py3.12.egg-info
-- Installing: /home/orangepi/ros2_ws/install/adxl345_node/lib/python3.12/site-packages/adxl345_node-0.1.0-py3.12.egg-info/SOURCES.txt
-- Installing: /home/orangepi/ros2_ws/install/adxl345_node/lib/python3.12/site-packages/adxl345_node-0.1.0-py3.12.egg-info/dependency_links.txt
-- Installing: /home/orangepi/ros2_ws/install/adxl345_node/lib/python3.12/site-packages/adxl345_node-0.1.0-py3.12.egg-info/PKG-INFO
-- Installing: /home/orangepi/ros2_ws/install/adxl345_node/lib/python3.12/site-packages/adxl345_node-0.1.0-py3.12.egg-info/top_level.txt
-- Installing: /home/orangepi/ros2_ws/install/adxl345_node/lib/python3.12/site-packages/adxl345_node
-- Installing: /home/orangepi/ros2_ws/install/adxl345_node/lib/python3.12/site-packages/adxl345_node/adxl345_node.py
-- Installing: /home/orangepi/ros2_ws/install/adxl345_node/lib/python3.12/site-packages/adxl345_node/__init__.py
Listing '/home/orangepi/ros2_ws/install/adxl345_node/lib/python3.12/site-packages/adxl345_node'...
Compiling '/home/orangepi/ros2_ws/install/adxl345_node/lib/python3.12/site-packages/adxl345_node/__init__.py'...
Compiling '/home/orangepi/ros2_ws/install/adxl345_node/lib/python3.12/site-packages/adxl345_node/adxl345_node.py'...
-- Installing: /home/orangepi/ros2_ws/install/adxl345_node/lib/adxl345_node/adxl345_node.py
-- Installing: /home/orangepi/ros2_ws/install/adxl345_node/share/ament_index/resource_index/package_run_dependencies/adxl345_node
-- Installing: /home/orangepi/ros2_ws/install/adxl345_node/share/ament_index/resource_index/parent_prefix_path/adxl345_node
-- Installing: /home/orangepi/ros2_ws/install/adxl345_node/share/adxl345_node/environment/ament_prefix_path.sh
-- Installing: /home/orangepi/ros2_ws/install/adxl345_node/share/adxl345_node/environment/ament_prefix_path.dsv
-- Installing: /home/orangepi/ros2_ws/install/adxl345_node/share/adxl345_node/environment/path.sh
-- Installing: /home/orangepi/ros2_ws/install/adxl345_node/share/adxl345_node/environment/path.dsv
-- Installing: /home/orangepi/ros2_ws/install/adxl345_node/share/adxl345_node/local_setup.bash
-- Installing: /home/orangepi/ros2_ws/install/adxl345_node/share/adxl345_node/local_setup.sh
-- Installing: /home/orangepi/ros2_ws/install/adxl345_node/share/adxl345_node/local_setup.zsh
-- Installing: /home/orangepi/ros2_ws/install/adxl345_node/share/adxl345_node/local_setup.dsv
-- Installing: /home/orangepi/ros2_ws/install/adxl345_node/share/adxl345_node/package.dsv
-- Installing: /home/orangepi/ros2_ws/install/adxl345_node/share/ament_index/resource_index/packages/adxl345_node
-- Installing: /home/orangepi/ros2_ws/install/adxl345_node/share/adxl345_node/cmake/adxl345_nodeConfig.cmake
-- Installing: /home/orangepi/ros2_ws/install/adxl345_node/share/adxl345_node/cmake/adxl345_nodeConfig-version.cmake
-- Installing: /home/orangepi/ros2_ws/install/adxl345_node/share/adxl345_node/package.xml
